<?xml version="1.0" encoding="utf-8"?><testsuites name="pytest tests"><testsuite name="pytest" errors="0" failures="0" skipped="0" tests="6" time="0.113" timestamp="2025-08-26T23:20:46.066965+07:00" hostname="tanakashuntanoMacBook-Air.local"><testcase classname="tests.test_feature_store" name="test_minute_last_right_open_with_embargo" time="0.011" /><testcase classname="tests.test_feature_store" name="test_safe_shift_applies_to_all_columns" time="0.002" /><testcase classname="tests.test_feature_store" name="test_derive_features_basic" time="0.006" /><testcase classname="tests.test_ob_collector_ws" name="test_ob_builder_snapshot_and_delta_sequence_ok" time="0.001" /><testcase classname="tests.test_ob_collector_ws" name="test_ob_builder_gap_triggers_resync" time="0.001" /><testcase classname="tests.test_strategy_features" name="test_strategy_adds_prefixed_columns" time="0.006" /></testsuite></testsuites>
